EEF/build/outputs/logs/manifest-merger-debug-report.txt
-- Merging decision tree log ---
manifest
ADDED from TecProEEF/EEF/AndroidManifest.xml:2:1-247:12
	package
		ADDED from TecProEEF/EEF/AndroidManifest.xml:3:5-29
	android:versionName
		ADDED from TecProEEF/EEF/AndroidManifest.xml:6:5-30
		INJECTED from TecProEEF/EEF/AndroidManifest.xml
		INJECTED from TecProEEF/EEF/AndroidManifest.xml
	android:versionCode
		ADDED from TecProEEF/EEF/AndroidManifest.xml:5:5-28
		INJECTED from TecProEEF/EEF/AndroidManifest.xml
		INJECTED from TecProEEF/EEF/AndroidManifest.xml
	xmlns:android
		ADDED from TecProEEF/EEF/AndroidManifest.xml:2:11-69
	android:installLocation
		ADDED from TecProEEF/EEF/AndroidManifest.xml:4:5-45
instrumentation#android.test.InstrumentationTestRunner
ADDED from TecProEEF/EEF/AndroidManifest.xml:8:5-10:50
	android:targetPackage
		ADDED from TecProEEF/EEF/AndroidManifest.xml:10:9-47
	android:name
		ADDED from TecProEEF/EEF/AndroidManifest.xml:9:9-62
uses-sdk
ADDED from TecProEEF/EEF/AndroidManifest.xml:12:5-14:41
	android:targetSdkVersion
		ADDED from TecProEEF/EEF/AndroidManifest.xml:14:9-38
	android:minSdkVersion
		ADDED from TecProEEF/EEF/AndroidManifest.xml:13:9-35
uses-permission#android.permission.INTERNET
ADDED from TecProEEF/EEF/AndroidManifest.xml:16:5-67
	android:name
		ADDED from TecProEEF/EEF/AndroidManifest.xml:16:22-64
application
ADDED from TecProEEF/EEF/AndroidManifest.xml:18:5-245:19
	android:label
		ADDED from TecProEEF/EEF/AndroidManifest.xml:21:9-41
	android:launchMode
		ADDED from TecProEEF/EEF/AndroidManifest.xml:22:9-40
	android:allowBackup
		ADDED from TecProEEF/EEF/AndroidManifest.xml:19:9-35
	android:icon
		ADDED from TecProEEF/EEF/AndroidManifest.xml:20:9-45
	android:theme
		ADDED from TecProEEF/EEF/AndroidManifest.xml:23:9-40
uses-library#android.test.runner
ADDED from TecProEEF/EEF/AndroidManifest.xml:24:9-60
	android:name
		ADDED from TecProEEF/EEF/AndroidManifest.xml:24:23-57
activity#com.mdsgpp.eef.visao.MainActivity
ADDED from TecProEEF/EEF/AndroidManifest.xml:26:9-35:20
	android:screenOrientation
		ADDED from TecProEEF/EEF/AndroidManifest.xml:29:13-49
	android:label
		ADDED from TecProEEF/EEF/AndroidManifest.xml:28:13-45
	android:name
		ADDED from TecProEEF/EEF/AndroidManifest.xml:27:13-61
intent-filter#android.intent.action.MAIN+android.intent.category.LAUNCHER
ADDED from TecProEEF/EEF/AndroidManifest.xml:30:13-34:29
action#android.intent.action.MAIN
ADDED from TecProEEF/EEF/AndroidManifest.xml:31:17-69
	android:name
		ADDED from TecProEEF/EEF/AndroidManifest.xml:31:25-66
category#android.intent.category.LAUNCHER
ADDED from TecProEEF/EEF/AndroidManifest.xml:33:17-77
	android:name
		ADDED from TecProEEF/EEF/AndroidManifest.xml:33:27-74
activity#com.mdsgpp.eef.visao.TelaEstado
ADDED from TecProEEF/EEF/AndroidManifest.xml:36:9-42:20
	android:screenOrientation
		ADDED from TecProEEF/EEF/AndroidManifest.xml:41:13-49
	android:label
		ADDED from TecProEEF/EEF/AndroidManifest.xml:39:13-63
	android:parentActivityName
		ADDED from TecProEEF/EEF/AndroidManifest.xml:40:13-54
	android:icon
		ADDED from TecProEEF/EEF/AndroidManifest.xml:38:13-42
	android:name
		ADDED from TecProEEF/EEF/AndroidManifest.xml:37:13-59
activity#com.mdsgpp.eef.visao.TelaListaEstado
ADDED from TecProEEF/EEF/AndroidManifest.xml:43:9-49:20
	android:screenOrientation
		ADDED from TecProEEF/EEF/AndroidManifest.xml:48:13-49
	android:label
		ADDED from TecProEEF/EEF/AndroidManifest.xml:46:13-69
	android:parentActivityName
		ADDED from TecProEEF/EEF/AndroidManifest.xml:47:13-54
	android:icon
		ADDED from TecProEEF/EEF/AndroidManifest.xml:45:13-42
	android:name
		ADDED from TecProEEF/EEF/AndroidManifest.xml:44:13-64
activity#com.mdsgpp.eef.visao.TelaComparacao
ADDED from TecProEEF/EEF/AndroidManifest.xml:50:9-56:20
	android:screenOrientation
		ADDED from TecProEEF/EEF/AndroidManifest.xml:55:13-49
	android:label
		ADDED from TecProEEF/EEF/AndroidManifest.xml:53:13-67
	android:parentActivityName
		ADDED from TecProEEF/EEF/AndroidManifest.xml:54:13-54
	android:icon
		ADDED from TecProEEF/EEF/AndroidManifest.xml:52:13-42
	android:name
		ADDED from TecProEEF/EEF/AndroidManifest.xml:51:13-63
activity#com.mdsgpp.eef.visao.TelaSobre
ADDED from TecProEEF/EEF/AndroidManifest.xml:57:9-63:20
	android:screenOrientation
		ADDED from TecProEEF/EEF/AndroidManifest.xml:62:13-49
	android:label
		ADDED from TecProEEF/EEF/AndroidManifest.xml:60:13-62
	android:parentActivityName
		ADDED from TecProEEF/EEF/AndroidManifest.xml:61:13-54
	android:icon
		ADDED from TecProEEF/EEF/AndroidManifest.xml:59:13-42
	android:name
		ADDED from TecProEEF/EEF/AndroidManifest.xml:58:13-58
activity#com.mdsgpp.eef.visao.TelaIndicativosConsultados
ADDED from TecProEEF/EEF/AndroidManifest.xml:64:9-70:20
	android:screenOrientation
		ADDED from TecProEEF/EEF/AndroidManifest.xml:69:13-49
	android:label
		ADDED from TecProEEF/EEF/AndroidManifest.xml:67:13-80
	android:parentActivityName
		ADDED from TecProEEF/EEF/AndroidManifest.xml:68:13-54
	android:icon
		ADDED from TecProEEF/EEF/AndroidManifest.xml:66:13-42
	android:name
		ADDED from TecProEEF/EEF/AndroidManifest.xml:65:13-75
activity#com.mdsgpp.eef.visao.TelaResultadoConsulta
ADDED from TecProEEF/EEF/AndroidManifest.xml:71:9-76:20
	android:label
		ADDED from TecProEEF/EEF/AndroidManifest.xml:74:13-75
	android:parentActivityName
		ADDED from TecProEEF/EEF/AndroidManifest.xml:75:13-54
	android:icon
		ADDED from TecProEEF/EEF/AndroidManifest.xml:73:13-42
	android:name
		ADDED from TecProEEF/EEF/AndroidManifest.xml:72:13-70
activity#com.mdsgpp.eef.visao.TelaFeed
ADDED from TecProEEF/EEF/AndroidManifest.xml:77:9-83:20
	android:screenOrientation
		ADDED from TecProEEF/EEF/AndroidManifest.xml:82:13-49
	android:label
		ADDED from TecProEEF/EEF/AndroidManifest.xml:80:13-61
	android:parentActivityName
		ADDED from TecProEEF/EEF/AndroidManifest.xml:81:13-54
	android:icon
		ADDED from TecProEEF/EEF/AndroidManifest.xml:79:13-42
	android:name
		ADDED from TecProEEF/EEF/AndroidManifest.xml:78:13-57
activity#com.mdsgpp.eef.visao.TelaFeedSobre
ADDED from TecProEEF/EEF/AndroidManifest.xml:84:9-90:20
	android:screenOrientation
		ADDED from TecProEEF/EEF/AndroidManifest.xml:89:13-49
	android:label
		ADDED from TecProEEF/EEF/AndroidManifest.xml:87:13-67
	android:parentActivityName
		ADDED from TecProEEF/EEF/AndroidManifest.xml:88:13-54
	android:icon
		ADDED from TecProEEF/EEF/AndroidManifest.xml:86:13-42
	android:name
		ADDED from TecProEEF/EEF/AndroidManifest.xml:85:13-62
activity#com.mdsgpp.eef.visao.TelaEscolheIndicativoGraficoComparacao
ADDED from TecProEEF/EEF/AndroidManifest.xml:91:9-97:20
	android:screenOrientation
		ADDED from TecProEEF/EEF/AndroidManifest.xml:96:13-49
	android:label
		ADDED from TecProEEF/EEF/AndroidManifest.xml:94:13-83
	android:parentActivityName
		ADDED from TecProEEF/EEF/AndroidManifest.xml:95:13-54
	android:icon
		ADDED from TecProEEF/EEF/AndroidManifest.xml:93:13-42
	android:name
		ADDED from TecProEEF/EEF/AndroidManifest.xml:92:13-87
activity#com.mdsgpp.eef.visao.TelaEscolheIndicativoGraficoLinha
ADDED from TecProEEF/EEF/AndroidManifest.xml:98:9-104:20
	android:screenOrientation
		ADDED from TecProEEF/EEF/AndroidManifest.xml:103:13-49
	android:label
		ADDED from TecProEEF/EEF/AndroidManifest.xml:101:13-83
	android:parentActivityName
		ADDED from TecProEEF/EEF/AndroidManifest.xml:102:13-54
	android:icon
		ADDED from TecProEEF/EEF/AndroidManifest.xml:100:13-42
	android:name
		ADDED from TecProEEF/EEF/AndroidManifest.xml:99:13-82
activity#com.mdsgpp.eef.visao.TelaGrafico
ADDED from TecProEEF/EEF/AndroidManifest.xml:105:9-111:20
	android:screenOrientation
		ADDED from TecProEEF/EEF/AndroidManifest.xml:110:13-49
	android:label
		ADDED from TecProEEF/EEF/AndroidManifest.xml:108:13-64
	android:parentActivityName
		ADDED from TecProEEF/EEF/AndroidManifest.xml:109:13-54
	android:icon
		ADDED from TecProEEF/EEF/AndroidManifest.xml:107:13-42
	android:name
		ADDED from TecProEEF/EEF/AndroidManifest.xml:106:13-60
activity#com.mdsgpp.eef.visao.TelaGraficoLinha
ADDED from TecProEEF/EEF/AndroidManifest.xml:112:9-118:20
	android:screenOrientation
		ADDED from TecProEEF/EEF/AndroidManifest.xml:117:13-49
	android:label
		ADDED from TecProEEF/EEF/AndroidManifest.xml:115:13-64
	android:parentActivityName
		ADDED from TecProEEF/EEF/AndroidManifest.xml:116:13-54
	android:icon
		ADDED from TecProEEF/EEF/AndroidManifest.xml:114:13-42
	android:name
		ADDED from TecProEEF/EEF/AndroidManifest.xml:113:13-65
activity#com.mdsgpp.eef.visao.TelaSobreIndicativos
ADDED from TecProEEF/EEF/AndroidManifest.xml:119:9-125:20
	android:screenOrientation
		ADDED from TecProEEF/EEF/AndroidManifest.xml:124:13-49
	android:label
		ADDED from TecProEEF/EEF/AndroidManifest.xml:122:13-69
	android:parentActivityName
		ADDED from TecProEEF/EEF/AndroidManifest.xml:123:13-54
	android:icon
		ADDED from TecProEEF/EEF/AndroidManifest.xml:121:13-42
	android:name
		ADDED from TecProEEF/EEF/AndroidManifest.xml:120:13-69
activity#com.mdsgpp.eef.visao.TelaSobreConsulta
ADDED from TecProEEF/EEF/AndroidManifest.xml:126:9-132:20
	android:screenOrientation
		ADDED from TecProEEF/EEF/AndroidManifest.xml:131:13-49
	android:label
		ADDED from TecProEEF/EEF/AndroidManifest.xml:129:13-71
	android:parentActivityName
		ADDED from TecProEEF/EEF/AndroidManifest.xml:130:13-54
	android:icon
		ADDED from TecProEEF/EEF/AndroidManifest.xml:128:13-42
	android:name
		ADDED from TecProEEF/EEF/AndroidManifest.xml:127:13-66
activity#com.mdsgpp.eef.visao.TelaSobreComparacao
ADDED from TecProEEF/EEF/AndroidManifest.xml:133:9-139:20
	android:screenOrientation
		ADDED from TecProEEF/EEF/AndroidManifest.xml:138:13-49
	android:label
		ADDED from TecProEEF/EEF/AndroidManifest.xml:136:13-73
	android:parentActivityName
		ADDED from TecProEEF/EEF/AndroidManifest.xml:137:13-54
	android:icon
		ADDED from TecProEEF/EEF/AndroidManifest.xml:135:13-42
	android:name
		ADDED from TecProEEF/EEF/AndroidManifest.xml:134:13-68
activity#com.mdsgpp.eef.visao.TelaConsultasGerais
ADDED from TecProEEF/EEF/AndroidManifest.xml:140:9-146:20
	android:screenOrientation
		ADDED from TecProEEF/EEF/AndroidManifest.xml:145:13-49
	android:label
		ADDED from TecProEEF/EEF/AndroidManifest.xml:143:13-73
	android:parentActivityName
		ADDED from TecProEEF/EEF/AndroidManifest.xml:144:13-54
	android:icon
		ADDED from TecProEEF/EEF/AndroidManifest.xml:142:13-42
	android:name
		ADDED from TecProEEF/EEF/AndroidManifest.xml:141:13-68
activity#com.mdsgpp.eef.visao.TelaComparacoesGerais
ADDED from TecProEEF/EEF/AndroidManifest.xml:147:9-153:20
	android:screenOrientation
		ADDED from TecProEEF/EEF/AndroidManifest.xml:152:13-49
	android:label
		ADDED from TecProEEF/EEF/AndroidManifest.xml:150:13-75
	android:parentActivityName
		ADDED from TecProEEF/EEF/AndroidManifest.xml:151:13-54
	android:icon
		ADDED from TecProEEF/EEF/AndroidManifest.xml:149:13-42
	android:name
		ADDED from TecProEEF/EEF/AndroidManifest.xml:148:13-70
activity#com.mdsgpp.eef.visao.TelaConsultaPorIndicativo
ADDED from TecProEEF/EEF/AndroidManifest.xml:154:9-160:20
	android:screenOrientation
		ADDED from TecProEEF/EEF/AndroidManifest.xml:159:13-49
	android:label
		ADDED from TecProEEF/EEF/AndroidManifest.xml:157:13-80
	android:parentActivityName
		ADDED from TecProEEF/EEF/AndroidManifest.xml:158:13-54
	android:icon
		ADDED from TecProEEF/EEF/AndroidManifest.xml:156:13-42
	android:name
		ADDED from TecProEEF/EEF/AndroidManifest.xml:155:13-74
activity#com.mdsgpp.eef.visao.TelaResultadoConsultaPorIndicativo
ADDED from TecProEEF/EEF/AndroidManifest.xml:161:9-167:20
	android:screenOrientation
		ADDED from TecProEEF/EEF/AndroidManifest.xml:166:13-49
	android:label
		ADDED from TecProEEF/EEF/AndroidManifest.xml:164:13-90
	android:parentActivityName
		ADDED from TecProEEF/EEF/AndroidManifest.xml:165:13-54
	android:icon
		ADDED from TecProEEF/EEF/AndroidManifest.xml:163:13-42
	android:name
		ADDED from TecProEEF/EEF/AndroidManifest.xml:162:13-83
activity#com.mdsgpp.eef.visao.TelaHistoricoEstado
ADDED from TecProEEF/EEF/AndroidManifest.xml:168:9-174:20
	android:screenOrientation
		ADDED from TecProEEF/EEF/AndroidManifest.xml:173:13-49
	android:label
		ADDED from TecProEEF/EEF/AndroidManifest.xml:171:13-73
	android:parentActivityName
		ADDED from TecProEEF/EEF/AndroidManifest.xml:172:13-54
	android:icon
		ADDED from TecProEEF/EEF/AndroidManifest.xml:170:13-42
	android:name
		ADDED from TecProEEF/EEF/AndroidManifest.xml:169:13-68
activity#com.mdsgpp.eef.visao.TelaSobreComparacoesGerais
ADDED from TecProEEF/EEF/AndroidManifest.xml:175:9-181:20
	android:screenOrientation
		ADDED from TecProEEF/EEF/AndroidManifest.xml:180:13-49
	android:label
		ADDED from TecProEEF/EEF/AndroidManifest.xml:178:13-81
	android:parentActivityName
		ADDED from TecProEEF/EEF/AndroidManifest.xml:179:13-54
	android:icon
		ADDED from TecProEEF/EEF/AndroidManifest.xml:177:13-42
	android:name
		ADDED from TecProEEF/EEF/AndroidManifest.xml:176:13-75
activity#com.mdsgpp.eef.visao.TelaSobreListaEstado
ADDED from TecProEEF/EEF/AndroidManifest.xml:182:9-188:20
	android:screenOrientation
		ADDED from TecProEEF/EEF/AndroidManifest.xml:187:13-49
	android:label
		ADDED from TecProEEF/EEF/AndroidManifest.xml:185:13-75
	android:parentActivityName
		ADDED from TecProEEF/EEF/AndroidManifest.xml:186:13-54
	android:icon
		ADDED from TecProEEF/EEF/AndroidManifest.xml:184:13-42
	android:name
		ADDED from TecProEEF/EEF/AndroidManifest.xml:183:13-69
activity#com.mdsgpp.eef.visao.TelaSobreEstado
ADDED from TecProEEF/EEF/AndroidManifest.xml:189:9-195:20
	android:screenOrientation
		ADDED from TecProEEF/EEF/AndroidManifest.xml:194:13-49
	android:label
		ADDED from TecProEEF/EEF/AndroidManifest.xml:192:13-69
	android:parentActivityName
		ADDED from TecProEEF/EEF/AndroidManifest.xml:193:13-54
	android:icon
		ADDED from TecProEEF/EEF/AndroidManifest.xml:191:13-42
	android:name
		ADDED from TecProEEF/EEF/AndroidManifest.xml:190:13-64
activity#com.mdsgpp.eef.SobreComparacaoEstadosActivity
ADDED from TecProEEF/EEF/AndroidManifest.xml:196:9-202:20
	android:screenOrientation
		ADDED from TecProEEF/EEF/AndroidManifest.xml:201:13-49
	android:label
		ADDED from TecProEEF/EEF/AndroidManifest.xml:199:13-76
	android:parentActivityName
		ADDED from TecProEEF/EEF/AndroidManifest.xml:200:13-54
	android:icon
		ADDED from TecProEEF/EEF/AndroidManifest.xml:198:13-42
	android:name
		ADDED from TecProEEF/EEF/AndroidManifest.xml:197:13-73
activity#com.mdsgpp.eef.visao.TelaSobreEscolhaIndicativo
ADDED from TecProEEF/EEF/AndroidManifest.xml:203:9-209:20
	android:screenOrientation
		ADDED from TecProEEF/EEF/AndroidManifest.xml:208:13-49
	android:label
		ADDED from TecProEEF/EEF/AndroidManifest.xml:206:13-81
	android:parentActivityName
		ADDED from TecProEEF/EEF/AndroidManifest.xml:207:13-54
	android:icon
		ADDED from TecProEEF/EEF/AndroidManifest.xml:205:13-42
	android:name
		ADDED from TecProEEF/EEF/AndroidManifest.xml:204:13-75
activity#com.mdsgpp.eef.visao.TelaSobreComparacaoDeEstados
ADDED from TecProEEF/EEF/AndroidManifest.xml:210:9-216:20
	android:screenOrientation
		ADDED from TecProEEF/EEF/AndroidManifest.xml:215:13-49
	android:label
		ADDED from TecProEEF/EEF/AndroidManifest.xml:213:13-84
	android:parentActivityName
		ADDED from TecProEEF/EEF/AndroidManifest.xml:214:13-54
	android:icon
		ADDED from TecProEEF/EEF/AndroidManifest.xml:212:13-42
	android:name
		ADDED from TecProEEF/EEF/AndroidManifest.xml:211:13-77
activity#com.mdsgpp.eef.visao.TelaSobreResultadoDaConsulta
ADDED from TecProEEF/EEF/AndroidManifest.xml:217:9-223:20
	android:screenOrientation
		ADDED from TecProEEF/EEF/AndroidManifest.xml:222:13-49
	android:label
		ADDED from TecProEEF/EEF/AndroidManifest.xml:220:13-84
	android:parentActivityName
		ADDED from TecProEEF/EEF/AndroidManifest.xml:221:13-54
	android:icon
		ADDED from TecProEEF/EEF/AndroidManifest.xml:219:13-42
	android:name
		ADDED from TecProEEF/EEF/AndroidManifest.xml:218:13-77
activity#com.mdsgpp.eef.visao.TelaSobreHistoricoDeIndicativo
ADDED from TecProEEF/EEF/AndroidManifest.xml:224:9-230:20
	android:screenOrientation
		ADDED from TecProEEF/EEF/AndroidManifest.xml:229:13-49
	android:label
		ADDED from TecProEEF/EEF/AndroidManifest.xml:227:13-81
	android:parentActivityName
		ADDED from TecProEEF/EEF/AndroidManifest.xml:228:13-54
	android:icon
		ADDED from TecProEEF/EEF/AndroidManifest.xml:226:13-42
	android:name
		ADDED from TecProEEF/EEF/AndroidManifest.xml:225:13-79
activity#com.mdsgpp.eef.visao.TelaSobreGrafico
ADDED from TecProEEF/EEF/AndroidManifest.xml:231:9-237:20
	android:screenOrientation
		ADDED from TecProEEF/EEF/AndroidManifest.xml:236:13-49
	android:label
		ADDED from TecProEEF/EEF/AndroidManifest.xml:234:13-70
	android:parentActivityName
		ADDED from TecProEEF/EEF/AndroidManifest.xml:235:13-54
	android:icon
		ADDED from TecProEEF/EEF/AndroidManifest.xml:233:13-42
	android:name
		ADDED from TecProEEF/EEF/AndroidManifest.xml:232:13-65
activity#com.mdsgpp.eef.visao.TelaSobreEscolheIndicativoGraficoComparacao
ADDED from TecProEEF/EEF/AndroidManifest.xml:238:9-244:20
	android:screenOrientation
		ADDED from TecProEEF/EEF/AndroidManifest.xml:243:13-49
	android:label
		ADDED from TecProEEF/EEF/AndroidManifest.xml:241:13-100
	android:parentActivityName
		ADDED from TecProEEF/EEF/AndroidManifest.xml:242:13-54
	android:icon
		ADDED from TecProEEF/EEF/AndroidManifest.xml:240:13-42
	android:name
		ADDED from TecProEEF/EEF/AndroidManifest.xml:239:13-92